  main.cpp
C:\Users\VV\source\repos\GraphicsProjects\Project2\sphere.h(19,26): warning C4244: “初始化”: 从“double”转换到“float”，可能丢失数据
C:\Users\VV\source\repos\GraphicsProjects\Project2\sphere.h(20,25): warning C4244: “初始化”: 从“double”转换到“float”，可能丢失数据
C:\Users\VV\source\repos\GraphicsProjects\Project2\main.cpp(137,41): warning C4305: “初始化”: 从“double”到“float”截断
C:\Users\VV\source\repos\GraphicsProjects\Project2\main.cpp(138,36): warning C4305: “初始化”: 从“double”到“float”截断
C:\Users\VV\source\repos\GraphicsProjects\Project2\main.cpp(153,22): warning C4244: “初始化”: 从“double”转换到“float”，可能丢失数据
C:\Users\VV\source\repos\GraphicsProjects\Project2\main.cpp(177,73): warning C4267: “参数”: 从“size_t”转换到“GLsizei”，可能丢失数据
C:\Users\VV\source\repos\GraphicsProjects\Project2\main.cpp(192,73): warning C4267: “参数”: 从“size_t”转换到“GLsizei”，可能丢失数据
C:\Users\VV\source\repos\GraphicsProjects\Project2\main.cpp(206,73): warning C4267: “参数”: 从“size_t”转换到“GLsizei”，可能丢失数据
C:\Users\VV\source\repos\GraphicsProjects\Project2\main.cpp(210,21): warning C4305: “-=”: 从“double”到“float”截断
C:\Users\VV\source\repos\GraphicsProjects\Project2\main.cpp(268,11): warning C4244: “=”: 从“double”转换到“float”，可能丢失数据
C:\Users\VV\source\repos\GraphicsProjects\Project2\main.cpp(269,11): warning C4244: “=”: 从“double”转换到“float”，可能丢失数据
C:\Users\VV\source\repos\GraphicsProjects\Project2\main.cpp(273,16): warning C4244: “初始化”: 从“double”转换到“float”，可能丢失数据
C:\Users\VV\source\repos\GraphicsProjects\Project2\main.cpp(274,16): warning C4244: “初始化”: 从“double”转换到“float”，可能丢失数据
C:\Users\VV\source\repos\GraphicsProjects\Project2\main.cpp(276,10): warning C4244: “=”: 从“double”转换到“float”，可能丢失数据
C:\Users\VV\source\repos\GraphicsProjects\Project2\main.cpp(277,10): warning C4244: “=”: 从“double”转换到“float”，可能丢失数据
C:\Users\VV\source\repos\GraphicsProjects\Project2\main.cpp(284,28): warning C4244: “参数”: 从“double”转换到“float”，可能丢失数据
glfw3.lib(init.obj) : warning LNK4099: 未找到 PDB“glfw.pdb”(使用“glfw3.lib(init.obj)”或在“C:\Users\VV\source\repos\GraphicsProjects\x64\Debug\glfw.pdb”中寻找)；正在链接对象，如同没有调试信息一样
glfw3.lib(window.obj) : warning LNK4099: 未找到 PDB“glfw.pdb”(使用“glfw3.lib(window.obj)”或在“C:\Users\VV\source\repos\GraphicsProjects\x64\Debug\glfw.pdb”中寻找)；正在链接对象，如同没有调试信息一样
glfw3.lib(input.obj) : warning LNK4099: 未找到 PDB“glfw.pdb”(使用“glfw3.lib(input.obj)”或在“C:\Users\VV\source\repos\GraphicsProjects\x64\Debug\glfw.pdb”中寻找)；正在链接对象，如同没有调试信息一样
glfw3.lib(context.obj) : warning LNK4099: 未找到 PDB“glfw.pdb”(使用“glfw3.lib(context.obj)”或在“C:\Users\VV\source\repos\GraphicsProjects\x64\Debug\glfw.pdb”中寻找)；正在链接对象，如同没有调试信息一样
glfw3.lib(win32_init.obj) : warning LNK4099: 未找到 PDB“glfw.pdb”(使用“glfw3.lib(win32_init.obj)”或在“C:\Users\VV\source\repos\GraphicsProjects\x64\Debug\glfw.pdb”中寻找)；正在链接对象，如同没有调试信息一样
glfw3.lib(win32_monitor.obj) : warning LNK4099: 未找到 PDB“glfw.pdb”(使用“glfw3.lib(win32_monitor.obj)”或在“C:\Users\VV\source\repos\GraphicsProjects\x64\Debug\glfw.pdb”中寻找)；正在链接对象，如同没有调试信息一样
glfw3.lib(win32_time.obj) : warning LNK4099: 未找到 PDB“glfw.pdb”(使用“glfw3.lib(win32_time.obj)”或在“C:\Users\VV\source\repos\GraphicsProjects\x64\Debug\glfw.pdb”中寻找)；正在链接对象，如同没有调试信息一样
glfw3.lib(win32_thread.obj) : warning LNK4099: 未找到 PDB“glfw.pdb”(使用“glfw3.lib(win32_thread.obj)”或在“C:\Users\VV\source\repos\GraphicsProjects\x64\Debug\glfw.pdb”中寻找)；正在链接对象，如同没有调试信息一样
glfw3.lib(monitor.obj) : warning LNK4099: 未找到 PDB“glfw.pdb”(使用“glfw3.lib(monitor.obj)”或在“C:\Users\VV\source\repos\GraphicsProjects\x64\Debug\glfw.pdb”中寻找)；正在链接对象，如同没有调试信息一样
glfw3.lib(vulkan.obj) : warning LNK4099: 未找到 PDB“glfw.pdb”(使用“glfw3.lib(vulkan.obj)”或在“C:\Users\VV\source\repos\GraphicsProjects\x64\Debug\glfw.pdb”中寻找)；正在链接对象，如同没有调试信息一样
glfw3.lib(win32_window.obj) : warning LNK4099: 未找到 PDB“glfw.pdb”(使用“glfw3.lib(win32_window.obj)”或在“C:\Users\VV\source\repos\GraphicsProjects\x64\Debug\glfw.pdb”中寻找)；正在链接对象，如同没有调试信息一样
glfw3.lib(win32_joystick.obj) : warning LNK4099: 未找到 PDB“glfw.pdb”(使用“glfw3.lib(win32_joystick.obj)”或在“C:\Users\VV\source\repos\GraphicsProjects\x64\Debug\glfw.pdb”中寻找)；正在链接对象，如同没有调试信息一样
glfw3.lib(wgl_context.obj) : warning LNK4099: 未找到 PDB“glfw.pdb”(使用“glfw3.lib(wgl_context.obj)”或在“C:\Users\VV\source\repos\GraphicsProjects\x64\Debug\glfw.pdb”中寻找)；正在链接对象，如同没有调试信息一样
glfw3.lib(egl_context.obj) : warning LNK4099: 未找到 PDB“glfw.pdb”(使用“glfw3.lib(egl_context.obj)”或在“C:\Users\VV\source\repos\GraphicsProjects\x64\Debug\glfw.pdb”中寻找)；正在链接对象，如同没有调试信息一样
glfw3.lib(osmesa_context.obj) : warning LNK4099: 未找到 PDB“glfw.pdb”(使用“glfw3.lib(osmesa_context.obj)”或在“C:\Users\VV\source\repos\GraphicsProjects\x64\Debug\glfw.pdb”中寻找)；正在链接对象，如同没有调试信息一样
  Project2.vcxproj -> C:\Users\VV\source\repos\GraphicsProjects\x64\Debug\Project2.exe
