d:\learn\计算机图形技术\作业\2\assignment2\opengl_2\opengl_2\x64\debug\stringutil.obj
d:\learn\计算机图形技术\作业\2\assignment2\opengl_2\opengl_2\x64\debug\shader.obj
d:\learn\计算机图形技术\作业\2\assignment2\opengl_2\opengl_2\x64\debug\object.obj
d:\learn\计算机图形技术\作业\2\assignment2\opengl_2\opengl_2\x64\debug\main.obj
d:\learn\计算机图形技术\作业\2\assignment2\opengl_2\opengl_2\x64\debug\camera.obj
d:\learn\计算机图形技术\作业\2\assignment2\opengl_2\opengl_2\x64\debug\texture.obj
d:\learn\计算机图形技术\作业\2\assignment2\opengl_2\opengl_2\x64\debug\vertex.obj
d:\learn\计算机图形技术\作业\2\assignment2\opengl_2\opengl_2\x64\debug\plane.obj
d:\learn\计算机图形技术\作业\2\assignment2\opengl_2\opengl_2\x64\debug\scene.obj
d:\learn\计算机图形技术\作业\2\assignment2\opengl_2\opengl_2\x64\debug\vc142.pdb
d:\learn\计算机图形技术\作业\2\assignment2\opengl_2\opengl_2\x64\debug\glad.obj
d:\learn\计算机图形技术\作业\2\assignment2\opengl_2\x64\debug\opengl_2.pdb
d:\learn\计算机图形技术\作业\2\assignment2\opengl_2\opengl_2\x64\debug\opengl_2.tlog\cl.command.1.tlog
d:\learn\计算机图形技术\作业\2\assignment2\opengl_2\opengl_2\x64\debug\opengl_2.tlog\cl.read.1.tlog
d:\learn\计算机图形技术\作业\2\assignment2\opengl_2\opengl_2\x64\debug\opengl_2.tlog\cl.write.1.tlog
d:\learn\计算机图形技术\作业\2\assignment2\opengl_2\opengl_2\x64\debug\opengl_2.tlog\link.18192.read.1.tlog
d:\learn\计算机图形技术\作业\2\assignment2\opengl_2\opengl_2\x64\debug\opengl_2.tlog\link.18192.write.1.tlog
d:\learn\计算机图形技术\作业\2\assignment2\opengl_2\opengl_2\x64\debug\opengl_2.tlog\link.8956.read.1.tlog
d:\learn\计算机图形技术\作业\2\assignment2\opengl_2\opengl_2\x64\debug\opengl_2.tlog\link.8956.write.1.tlog
d:\learn\计算机图形技术\作业\2\assignment2\opengl_2\opengl_2\x64\debug\opengl_2.tlog\link.command.1.tlog
d:\learn\计算机图形技术\作业\2\assignment2\opengl_2\opengl_2\x64\debug\opengl_2.tlog\link.read.1.tlog
d:\learn\计算机图形技术\作业\2\assignment2\opengl_2\opengl_2\x64\debug\opengl_2.tlog\link.write.1.tlog
