  Camera.cpp
  main.cpp
  Object.cpp
  Plane.cpp
  Scene.cpp
  Shader.cpp
  StringUtil.cpp
  Texture.cpp
  Vertex.cpp
D:\Learn\计算机图形技术\作业\2\Assignment2\OpenGL_2\OpenGL_2\main.cpp(41,80): warning C4267: “参数”: 从“size_t”转换到“GLsizei”，可能丢失数据
D:\Learn\计算机图形技术\作业\2\Assignment2\OpenGL_2\OpenGL_2\main.cpp(64,66): warning C4267: “参数”: 从“size_t”转换到“GLint”，可能丢失数据
D:\Learn\计算机图形技术\作业\2\Assignment2\OpenGL_2\OpenGL_2\main.cpp(66,57): warning C4267: “参数”: 从“size_t”转换到“GLsizei”，可能丢失数据
D:\Learn\计算机图形技术\作业\2\Assignment2\OpenGL_2\OpenGL_2\main.cpp(80,56): warning C4267: “参数”: 从“size_t”转换到“GLsizei”，可能丢失数据
D:\Learn\计算机图形技术\作业\2\Assignment2\OpenGL_2\OpenGL_2\main.cpp(184,30): warning C4244: “参数”: 从“double”转换到“const float”，可能丢失数据
D:\Learn\计算机图形技术\作业\2\Assignment2\OpenGL_2\OpenGL_2\main.cpp(185,33): warning C4244: “参数”: 从“double”转换到“const float”，可能丢失数据
D:\Learn\计算机图形技术\作业\2\Assignment2\OpenGL_2\OpenGL_2\Object.cpp(75,83): warning C4244: “参数”: 从“double”转换到“const GLfloat”，可能丢失数据
D:\Learn\计算机图形技术\作业\2\Assignment2\OpenGL_2\OpenGL_2\Object.cpp(75,60): warning C4244: “参数”: 从“double”转换到“const GLfloat”，可能丢失数据
D:\Learn\计算机图形技术\作业\2\Assignment2\OpenGL_2\OpenGL_2\Object.cpp(75,37): warning C4244: “参数”: 从“double”转换到“const GLfloat”，可能丢失数据
  glad.c
  Camera.obj : 找到 MSIL .netmodule 或使用 /GL 编译的模块；正在使用 /LTCG 重新启动链接；将 /LTCG 添加到链接命令行以改进链接器性能
LINK : warning LNK4075: 忽略“/INCREMENTAL”(由于“/LTCG”规范)
LINK : warning LNK4098: 默认库“MSVCRT”与其他库的使用冲突；请使用 /NODEFAULTLIB:library
  正在生成代码
D:\Learn\计算机图形技术\作业\2\Assignment2\OpenGL_2\OpenGL_2\Plane.cpp(96): warning C4715: “Plane::getData”: 不是所有的控件路径都返回值
  已完成代码的生成
  OpenGL_2.vcxproj -> D:\Learn\计算机图形技术\作业\2\Assignment2\OpenGL_2\x64\Debug\OpenGL_2.exe
