f:\daima\三维动画与交互技术作业2\三维动画与交互技术作业2\x64\debug\vc143.pdb
f:\daima\三维动画与交互技术作业2\三维动画与交互技术作业2\x64\debug\vc143.idb
f:\daima\三维动画与交互技术作业2\三维动画与交互技术作业2\x64\debug\vbo.obj
f:\daima\三维动画与交互技术作业2\三维动画与交互技术作业2\x64\debug\vao.obj
f:\daima\三维动画与交互技术作业2\三维动画与交互技术作业2\x64\debug\shaderclass.obj
f:\daima\三维动画与交互技术作业2\三维动画与交互技术作业2\x64\debug\ebo.obj
f:\daima\三维动画与交互技术作业2\三维动画与交互技术作业2\x64\debug\camera.obj
f:\daima\三维动画与交互技术作业2\三维动画与交互技术作业2\x64\debug\texture.obj
f:\daima\三维动画与交互技术作业2\三维动画与交互技术作业2\x64\debug\main.obj
f:\daima\三维动画与交互技术作业2\三维动画与交互技术作业2\x64\debug\stb.obj
f:\daima\三维动画与交互技术作业2\三维动画与交互技术作业2\x64\debug\glad.obj
f:\daima\三维动画与交互技术作业2\三维动画与交互技术作业2\x64\debug\源.obj
f:\daima\三维动画与交互技术作业2\x64\debug\三维动画与交互技术作业2.pdb
f:\daima\三维动画与交互技术作业2\三维动画与交互技术作业2\x64\debug\三维动画与交互技术作业2.tlog\cl.command.1.tlog
f:\daima\三维动画与交互技术作业2\三维动画与交互技术作业2\x64\debug\三维动画与交互技术作业2.tlog\cl.read.1.tlog
f:\daima\三维动画与交互技术作业2\三维动画与交互技术作业2\x64\debug\三维动画与交互技术作业2.tlog\cl.write.1.tlog
f:\daima\三维动画与交互技术作业2\三维动画与交互技术作业2\x64\debug\三维动画与交互技术作业2.tlog\link.159748.read.1.tlog
f:\daima\三维动画与交互技术作业2\三维动画与交互技术作业2\x64\debug\三维动画与交互技术作业2.tlog\link.159748.write.1.tlog
f:\daima\三维动画与交互技术作业2\三维动画与交互技术作业2\x64\debug\三维动画与交互技术作业2.tlog\link.command.1.tlog
f:\daima\三维动画与交互技术作业2\三维动画与交互技术作业2\x64\debug\三维动画与交互技术作业2.tlog\link.read.1.tlog
f:\daima\三维动画与交互技术作业2\三维动画与交互技术作业2\x64\debug\三维动画与交互技术作业2.tlog\link.write.1.tlog
