  Camera.cpp
  EBO.cpp
  Main.cpp
F:\daima\三维动画与交互技术作业2\三维动画与交互技术作业2\Sphere.h(27,23): warning C4244: “=”: 从“double”转换到“GLfloat”，可能丢失数据
F:\daima\三维动画与交互技术作业2\三维动画与交互技术作业2\Sphere.h(28,18): warning C4244: “初始化”: 从“double”转换到“float”，可能丢失数据
F:\daima\三维动画与交互技术作业2\三维动画与交互技术作业2\Sphere.h(29,19): warning C4244: “初始化”: 从“double”转换到“float”，可能丢失数据
F:\daima\三维动画与交互技术作业2\三维动画与交互技术作业2\Sphere.h(46,14): warning C4244: “初始化”: 从“double”转换到“float”，可能丢失数据
F:\daima\三维动画与交互技术作业2\三维动画与交互技术作业2\Sphere.h(47,14): warning C4244: “初始化”: 从“double”转换到“float”，可能丢失数据
F:\daima\三维动画与交互技术作业2\三维动画与交互技术作业2\Sphere.h(61,14): warning C4244: “初始化”: 从“double”转换到“float”，可能丢失数据
F:\daima\三维动画与交互技术作业2\三维动画与交互技术作业2\Sphere.h(62,14): warning C4244: “初始化”: 从“double”转换到“float”，可能丢失数据
F:\daima\三维动画与交互技术作业2\三维动画与交互技术作业2\Sphere.h(77,14): warning C4244: “初始化”: 从“double”转换到“float”，可能丢失数据
F:\daima\三维动画与交互技术作业2\三维动画与交互技术作业2\Sphere.h(78,14): warning C4244: “初始化”: 从“double”转换到“float”，可能丢失数据
F:\daima\三维动画与交互技术作业2\三维动画与交互技术作业2\Sphere.h(114,14): warning C4244: “初始化”: 从“double”转换到“float”，可能丢失数据
F:\daima\三维动画与交互技术作业2\三维动画与交互技术作业2\Sphere.h(115,14): warning C4244: “初始化”: 从“double”转换到“float”，可能丢失数据
  VAO.cpp
F:\daima\三维动画与交互技术作业2\三维动画与交互技术作业2\VAO.cpp(11,63): warning C4244: “参数”: 从“GLsizeiptr”转换到“GLsizei”，可能丢失数据
  VBO.cpp
  shaderClass.cpp
  正在生成代码...
glfw3.lib(input.obj) : warning LNK4099: 未找到 PDB“”(使用“glfw3.lib(input.obj)”或在“”中寻找)；正在链接对象，如同没有调试信息一样
glfw3.lib(monitor.obj) : warning LNK4099: 未找到 PDB“”(使用“glfw3.lib(monitor.obj)”或在“”中寻找)；正在链接对象，如同没有调试信息一样
glfw3.lib(window.obj) : warning LNK4099: 未找到 PDB“”(使用“glfw3.lib(window.obj)”或在“”中寻找)；正在链接对象，如同没有调试信息一样
glfw3.lib(win32_joystick.obj) : warning LNK4099: 未找到 PDB“”(使用“glfw3.lib(win32_joystick.obj)”或在“”中寻找)；正在链接对象，如同没有调试信息一样
glfw3.lib(win32_window.obj) : warning LNK4099: 未找到 PDB“”(使用“glfw3.lib(win32_window.obj)”或在“”中寻找)；正在链接对象，如同没有调试信息一样
  三维动画与交互技术作业2.vcxproj -> F:\daima\三维动画与交互技术作业2\x64\Debug\三维动画与交互技术作业2.exe
