  源.cpp
D:\C++ rep\Project02\Project02\源.cpp(221,51): warning C4305: “参数”: 从“double”到“float”截断
D:\C++ rep\Project02\Project02\源.cpp(430,11): warning C4244: “=”: 从“double”转换到“float”，可能丢失数据
D:\C++ rep\Project02\Project02\源.cpp(431,11): warning C4244: “=”: 从“double”转换到“float”，可能丢失数据
D:\C++ rep\Project02\Project02\源.cpp(435,16): warning C4244: “初始化”: 从“double”转换到“float”，可能丢失数据
D:\C++ rep\Project02\Project02\源.cpp(436,16): warning C4244: “初始化”: 从“double”转换到“float”，可能丢失数据
D:\C++ rep\Project02\Project02\源.cpp(437,10): warning C4244: “=”: 从“double”转换到“float”，可能丢失数据
D:\C++ rep\Project02\Project02\源.cpp(438,10): warning C4244: “=”: 从“double”转换到“float”，可能丢失数据
D:\C++ rep\Project02\Project02\源.cpp(440,26): warning C4305: “初始化”: 从“double”到“float”截断
D:\C++ rep\Project02\Project02\源.cpp(459,47): warning C4244: “=”: 从“double”转换到“T”，可能丢失数据
          with
          [
              T=float
          ]
D:\C++ rep\Project02\Project02\源.cpp(460,12): warning C4244: “=”: 从“double”转换到“T”，可能丢失数据
          with
          [
              T=float
          ]
D:\C++ rep\Project02\Project02\源.cpp(461,47): warning C4244: “=”: 从“double”转换到“T”，可能丢失数据
          with
          [
              T=float
          ]
  Project02.vcxproj -> D:\C++ rep\Project02\x64\Debug\Project02.exe
