f:\daima\三维动画与交互技术作业2\三维动画与交互技术作业2\x64\release\vc143.pdb
f:\daima\三维动画与交互技术作业2\三维动画与交互技术作业2\x64\release\vbo.obj
f:\daima\三维动画与交互技术作业2\三维动画与交互技术作业2\x64\release\vao.obj
f:\daima\三维动画与交互技术作业2\三维动画与交互技术作业2\x64\release\texture.obj
f:\daima\三维动画与交互技术作业2\三维动画与交互技术作业2\x64\release\stb.obj
f:\daima\三维动画与交互技术作业2\三维动画与交互技术作业2\x64\release\shaderclass.obj
f:\daima\三维动画与交互技术作业2\三维动画与交互技术作业2\x64\release\main.obj
f:\daima\三维动画与交互技术作业2\三维动画与交互技术作业2\x64\release\ebo.obj
f:\daima\三维动画与交互技术作业2\三维动画与交互技术作业2\x64\release\camera.obj
f:\daima\三维动画与交互技术作业2\三维动画与交互技术作业2\x64\release\glad.obj
f:\daima\三维动画与交互技术作业2\三维动画与交互技术作业2\x64\release\sphere.obj
f:\daima\三维动画与交互技术作业2\x64\release\三维动画与交互技术作业2.exe
f:\daima\三维动画与交互技术作业2\三维动画与交互技术作业2\x64\release\三维动画与交互技术作业2.ipdb
f:\daima\三维动画与交互技术作业2\x64\release\三维动画与交互技术作业2.pdb
f:\daima\三维动画与交互技术作业2\三维动画与交互技术作业2\x64\release\三维动画与交互技术作业2.iobj
f:\daima\三维动画与交互技术作业2\三维动画与交互技术作业2\x64\release\三维动画与交互技术作业2.tlog\cl.command.1.tlog
f:\daima\三维动画与交互技术作业2\三维动画与交互技术作业2\x64\release\三维动画与交互技术作业2.tlog\cl.read.1.tlog
f:\daima\三维动画与交互技术作业2\三维动画与交互技术作业2\x64\release\三维动画与交互技术作业2.tlog\cl.write.1.tlog
f:\daima\三维动画与交互技术作业2\三维动画与交互技术作业2\x64\release\三维动画与交互技术作业2.tlog\link.command.1.tlog
f:\daima\三维动画与交互技术作业2\三维动画与交互技术作业2\x64\release\三维动画与交互技术作业2.tlog\link.read.1.tlog
f:\daima\三维动画与交互技术作业2\三维动画与交互技术作业2\x64\release\三维动画与交互技术作业2.tlog\link.write.1.tlog
