  Camera.cpp
F:\三维动画作业\graphics2022\22251044耿浩然\三维动画与交互技术作业3\三维动画与交互技术作业3\Camera.cpp(125,16): warning C4305: “=”: 从“double”到“float”截断
F:\三维动画作业\graphics2022\22251044耿浩然\三维动画与交互技术作业3\三维动画与交互技术作业3\Camera.cpp(150,20): warning C4305: “=”: 从“double”到“float”截断
F:\三维动画作业\graphics2022\22251044耿浩然\三维动画与交互技术作业3\三维动画与交互技术作业3\Camera.cpp(152,18): warning C4305: “=”: 从“double”到“float”截断
F:\三维动画作业\graphics2022\22251044耿浩然\三维动画与交互技术作业3\三维动画与交互技术作业3\Camera.cpp(162,12): warning C4244: “初始化”: 从“double”转换到“float”，可能丢失数据
F:\三维动画作业\graphics2022\22251044耿浩然\三维动画与交互技术作业3\三维动画与交互技术作业3\Camera.cpp(163,12): warning C4244: “初始化”: 从“double”转换到“float”，可能丢失数据
F:\三维动画作业\graphics2022\22251044耿浩然\三维动画与交互技术作业3\三维动画与交互技术作业3\Camera.cpp(164,12): warning C4244: “初始化”: 从“double”转换到“float”，可能丢失数据
  EBO.cpp
  main.cpp
  model.cpp
F:\三维动画作业\graphics2022\22251044耿浩然\三维动画与交互技术作业3\三维动画与交互技术作业3\model.cpp(74,42): warning C4834: 放弃具有 "nodiscard" 属性的函数的返回值
F:\三维动画作业\graphics2022\22251044耿浩然\三维动画与交互技术作业3\三维动画与交互技术作业3\model.cpp(77,29): warning C4267: “=”: 从“size_t”转换到“int”，可能丢失数据
F:\三维动画作业\graphics2022\22251044耿浩然\三维动画与交互技术作业3\三维动画与交互技术作业3\model.cpp(78,30): warning C4267: “=”: 从“size_t”转换到“int”，可能丢失数据
  shaderClass.cpp
  stb.cpp
  Texture.cpp
  VAO.cpp
F:\三维动画作业\graphics2022\22251044耿浩然\三维动画与交互技术作业3\三维动画与交互技术作业3\VAO.cpp(11,63): warning C4244: “参数”: 从“GLsizeiptr”转换到“GLsizei”，可能丢失数据
  VBO.cpp
  正在生成代码...
  glad.c
glfw3.lib(input.obj) : warning LNK4099: 未找到 PDB“”(使用“glfw3.lib(input.obj)”或在“”中寻找)；正在链接对象，如同没有调试信息一样
glfw3.lib(init.obj) : warning LNK4099: 未找到 PDB“”(使用“glfw3.lib(init.obj)”或在“”中寻找)；正在链接对象，如同没有调试信息一样
glfw3.lib(window.obj) : warning LNK4099: 未找到 PDB“”(使用“glfw3.lib(window.obj)”或在“”中寻找)；正在链接对象，如同没有调试信息一样
glfw3.lib(context.obj) : warning LNK4099: 未找到 PDB“”(使用“glfw3.lib(context.obj)”或在“”中寻找)；正在链接对象，如同没有调试信息一样
glfw3.lib(win32_window.obj) : warning LNK4099: 未找到 PDB“”(使用“glfw3.lib(win32_window.obj)”或在“”中寻找)；正在链接对象，如同没有调试信息一样
glfw3.lib(win32_joystick.obj) : warning LNK4099: 未找到 PDB“”(使用“glfw3.lib(win32_joystick.obj)”或在“”中寻找)；正在链接对象，如同没有调试信息一样
glfw3.lib(win32_time.obj) : warning LNK4099: 未找到 PDB“”(使用“glfw3.lib(win32_time.obj)”或在“”中寻找)；正在链接对象，如同没有调试信息一样
glfw3.lib(win32_init.obj) : warning LNK4099: 未找到 PDB“”(使用“glfw3.lib(win32_init.obj)”或在“”中寻找)；正在链接对象，如同没有调试信息一样
glfw3.lib(win32_monitor.obj) : warning LNK4099: 未找到 PDB“”(使用“glfw3.lib(win32_monitor.obj)”或在“”中寻找)；正在链接对象，如同没有调试信息一样
glfw3.lib(win32_thread.obj) : warning LNK4099: 未找到 PDB“”(使用“glfw3.lib(win32_thread.obj)”或在“”中寻找)；正在链接对象，如同没有调试信息一样
glfw3.lib(monitor.obj) : warning LNK4099: 未找到 PDB“”(使用“glfw3.lib(monitor.obj)”或在“”中寻找)；正在链接对象，如同没有调试信息一样
glfw3.lib(vulkan.obj) : warning LNK4099: 未找到 PDB“”(使用“glfw3.lib(vulkan.obj)”或在“”中寻找)；正在链接对象，如同没有调试信息一样
glfw3.lib(wgl_context.obj) : warning LNK4099: 未找到 PDB“”(使用“glfw3.lib(wgl_context.obj)”或在“”中寻找)；正在链接对象，如同没有调试信息一样
glfw3.lib(egl_context.obj) : warning LNK4099: 未找到 PDB“”(使用“glfw3.lib(egl_context.obj)”或在“”中寻找)；正在链接对象，如同没有调试信息一样
glfw3.lib(osmesa_context.obj) : warning LNK4099: 未找到 PDB“”(使用“glfw3.lib(osmesa_context.obj)”或在“”中寻找)；正在链接对象，如同没有调试信息一样
  三维动画与交互技术作业3.vcxproj -> F:\三维动画作业\graphics2022\22251044耿浩然\三维动画与交互技术作业3\x64\Debug\三维动画与交互技术作业3.exe
