  box.cpp
D:\cyxdesktop\浙大\三维建模\graphics2022\22251126陈滢西\期末选项二：游戏\code\box\box.cpp(822,50): warning C4244: “参数”: 从“double”转换到“GLfloat”，可能丢失数据
D:\cyxdesktop\浙大\三维建模\graphics2022\22251126陈滢西\期末选项二：游戏\code\box\box.cpp(822,45): warning C4244: “参数”: 从“double”转换到“GLfloat”，可能丢失数据
D:\cyxdesktop\浙大\三维建模\graphics2022\22251126陈滢西\期末选项二：游戏\code\box\box.cpp(822,40): warning C4244: “参数”: 从“double”转换到“GLfloat”，可能丢失数据
D:\cyxdesktop\浙大\三维建模\graphics2022\22251126陈滢西\期末选项二：游戏\code\box\box.cpp(823,49): warning C4244: “参数”: 从“double”转换到“GLfloat”，可能丢失数据
D:\cyxdesktop\浙大\三维建模\graphics2022\22251126陈滢西\期末选项二：游戏\code\box\box.cpp(823,45): warning C4244: “参数”: 从“double”转换到“GLfloat”，可能丢失数据
D:\cyxdesktop\浙大\三维建模\graphics2022\22251126陈滢西\期末选项二：游戏\code\box\box.cpp(823,40): warning C4244: “参数”: 从“double”转换到“GLfloat”，可能丢失数据
D:\cyxdesktop\浙大\三维建模\graphics2022\22251126陈滢西\期末选项二：游戏\code\box\box.cpp(824,49): warning C4244: “参数”: 从“double”转换到“GLfloat”，可能丢失数据
D:\cyxdesktop\浙大\三维建模\graphics2022\22251126陈滢西\期末选项二：游戏\code\box\box.cpp(824,45): warning C4244: “参数”: 从“double”转换到“GLfloat”，可能丢失数据
D:\cyxdesktop\浙大\三维建模\graphics2022\22251126陈滢西\期末选项二：游戏\code\box\box.cpp(824,40): warning C4244: “参数”: 从“double”转换到“GLfloat”，可能丢失数据
D:\cyxdesktop\浙大\三维建模\graphics2022\22251126陈滢西\期末选项二：游戏\code\box\box.cpp(825,50): warning C4244: “参数”: 从“double”转换到“GLfloat”，可能丢失数据
D:\cyxdesktop\浙大\三维建模\graphics2022\22251126陈滢西\期末选项二：游戏\code\box\box.cpp(825,45): warning C4244: “参数”: 从“double”转换到“GLfloat”，可能丢失数据
D:\cyxdesktop\浙大\三维建模\graphics2022\22251126陈滢西\期末选项二：游戏\code\box\box.cpp(825,40): warning C4244: “参数”: 从“double”转换到“GLfloat”，可能丢失数据
D:\cyxdesktop\浙大\三维建模\graphics2022\22251126陈滢西\期末选项二：游戏\code\box\box.cpp(827,49): warning C4244: “参数”: 从“double”转换到“GLfloat”，可能丢失数据
D:\cyxdesktop\浙大\三维建模\graphics2022\22251126陈滢西\期末选项二：游戏\code\box\box.cpp(827,44): warning C4244: “参数”: 从“double”转换到“GLfloat”，可能丢失数据
D:\cyxdesktop\浙大\三维建模\graphics2022\22251126陈滢西\期末选项二：游戏\code\box\box.cpp(827,40): warning C4244: “参数”: 从“double”转换到“GLfloat”，可能丢失数据
D:\cyxdesktop\浙大\三维建模\graphics2022\22251126陈滢西\期末选项二：游戏\code\box\box.cpp(828,48): warning C4244: “参数”: 从“double”转换到“GLfloat”，可能丢失数据
D:\cyxdesktop\浙大\三维建模\graphics2022\22251126陈滢西\期末选项二：游戏\code\box\box.cpp(828,44): warning C4244: “参数”: 从“double”转换到“GLfloat”，可能丢失数据
D:\cyxdesktop\浙大\三维建模\graphics2022\22251126陈滢西\期末选项二：游戏\code\box\box.cpp(828,40): warning C4244: “参数”: 从“double”转换到“GLfloat”，可能丢失数据
D:\cyxdesktop\浙大\三维建模\graphics2022\22251126陈滢西\期末选项二：游戏\code\box\box.cpp(829,48): warning C4244: “参数”: 从“double”转换到“GLfloat”，可能丢失数据
D:\cyxdesktop\浙大\三维建模\graphics2022\22251126陈滢西\期末选项二：游戏\code\box\box.cpp(829,44): warning C4244: “参数”: 从“double”转换到“GLfloat”，可能丢失数据
D:\cyxdesktop\浙大\三维建模\graphics2022\22251126陈滢西\期末选项二：游戏\code\box\box.cpp(829,40): warning C4244: “参数”: 从“double”转换到“GLfloat”，可能丢失数据
D:\cyxdesktop\浙大\三维建模\graphics2022\22251126陈滢西\期末选项二：游戏\code\box\box.cpp(830,49): warning C4244: “参数”: 从“double”转换到“GLfloat”，可能丢失数据
D:\cyxdesktop\浙大\三维建模\graphics2022\22251126陈滢西\期末选项二：游戏\code\box\box.cpp(830,44): warning C4244: “参数”: 从“double”转换到“GLfloat”，可能丢失数据
D:\cyxdesktop\浙大\三维建模\graphics2022\22251126陈滢西\期末选项二：游戏\code\box\box.cpp(830,40): warning C4244: “参数”: 从“double”转换到“GLfloat”，可能丢失数据
D:\cyxdesktop\浙大\三维建模\graphics2022\22251126陈滢西\期末选项二：游戏\code\box\box.cpp(832,49): warning C4244: “参数”: 从“double”转换到“GLfloat”，可能丢失数据
D:\cyxdesktop\浙大\三维建模\graphics2022\22251126陈滢西\期末选项二：游戏\code\box\box.cpp(832,45): warning C4244: “参数”: 从“double”转换到“GLfloat”，可能丢失数据
D:\cyxdesktop\浙大\三维建模\graphics2022\22251126陈滢西\期末选项二：游戏\code\box\box.cpp(832,40): warning C4244: “参数”: 从“double”转换到“GLfloat”，可能丢失数据
D:\cyxdesktop\浙大\三维建模\graphics2022\22251126陈滢西\期末选项二：游戏\code\box\box.cpp(833,48): warning C4244: “参数”: 从“double”转换到“GLfloat”，可能丢失数据
D:\cyxdesktop\浙大\三维建模\graphics2022\22251126陈滢西\期末选项二：游戏\code\box\box.cpp(833,44): warning C4244: “参数”: 从“double”转换到“GLfloat”，可能丢失数据
D:\cyxdesktop\浙大\三维建模\graphics2022\22251126陈滢西\期末选项二：游戏\code\box\box.cpp(833,40): warning C4244: “参数”: 从“double”转换到“GLfloat”，可能丢失数据
D:\cyxdesktop\浙大\三维建模\graphics2022\22251126陈滢西\期末选项二：游戏\code\box\box.cpp(834,48): warning C4244: “参数”: 从“double”转换到“GLfloat”，可能丢失数据
D:\cyxdesktop\浙大\三维建模\graphics2022\22251126陈滢西\期末选项二：游戏\code\box\box.cpp(834,44): warning C4244: “参数”: 从“double”转换到“GLfloat”，可能丢失数据
D:\cyxdesktop\浙大\三维建模\graphics2022\22251126陈滢西\期末选项二：游戏\code\box\box.cpp(834,40): warning C4244: “参数”: 从“double”转换到“GLfloat”，可能丢失数据
D:\cyxdesktop\浙大\三维建模\graphics2022\22251126陈滢西\期末选项二：游戏\code\box\box.cpp(835,49): warning C4244: “参数”: 从“double”转换到“GLfloat”，可能丢失数据
D:\cyxdesktop\浙大\三维建模\graphics2022\22251126陈滢西\期末选项二：游戏\code\box\box.cpp(835,45): warning C4244: “参数”: 从“double”转换到“GLfloat”，可能丢失数据
D:\cyxdesktop\浙大\三维建模\graphics2022\22251126陈滢西\期末选项二：游戏\code\box\box.cpp(835,40): warning C4244: “参数”: 从“double”转换到“GLfloat”，可能丢失数据
D:\cyxdesktop\浙大\三维建模\graphics2022\22251126陈滢西\期末选项二：游戏\code\box\box.cpp(837,50): warning C4244: “参数”: 从“double”转换到“GLfloat”，可能丢失数据
D:\cyxdesktop\浙大\三维建模\graphics2022\22251126陈滢西\期末选项二：游戏\code\box\box.cpp(837,45): warning C4244: “参数”: 从“double”转换到“GLfloat”，可能丢失数据
D:\cyxdesktop\浙大\三维建模\graphics2022\22251126陈滢西\期末选项二：游戏\code\box\box.cpp(837,40): warning C4244: “参数”: 从“double”转换到“GLfloat”，可能丢失数据
D:\cyxdesktop\浙大\三维建模\graphics2022\22251126陈滢西\期末选项二：游戏\code\box\box.cpp(838,49): warning C4244: “参数”: 从“double”转换到“GLfloat”，可能丢失数据
D:\cyxdesktop\浙大\三维建模\graphics2022\22251126陈滢西\期末选项二：游戏\code\box\box.cpp(838,44): warning C4244: “参数”: 从“double”转换到“GLfloat”，可能丢失数据
D:\cyxdesktop\浙大\三维建模\graphics2022\22251126陈滢西\期末选项二：游戏\code\box\box.cpp(838,40): warning C4244: “参数”: 从“double”转换到“GLfloat”，可能丢失数据
D:\cyxdesktop\浙大\三维建模\graphics2022\22251126陈滢西\期末选项二：游戏\code\box\box.cpp(839,49): warning C4244: “参数”: 从“double”转换到“GLfloat”，可能丢失数据
D:\cyxdesktop\浙大\三维建模\graphics2022\22251126陈滢西\期末选项二：游戏\code\box\box.cpp(839,44): warning C4244: “参数”: 从“double”转换到“GLfloat”，可能丢失数据
D:\cyxdesktop\浙大\三维建模\graphics2022\22251126陈滢西\期末选项二：游戏\code\box\box.cpp(839,40): warning C4244: “参数”: 从“double”转换到“GLfloat”，可能丢失数据
D:\cyxdesktop\浙大\三维建模\graphics2022\22251126陈滢西\期末选项二：游戏\code\box\box.cpp(840,50): warning C4244: “参数”: 从“double”转换到“GLfloat”，可能丢失数据
D:\cyxdesktop\浙大\三维建模\graphics2022\22251126陈滢西\期末选项二：游戏\code\box\box.cpp(840,45): warning C4244: “参数”: 从“double”转换到“GLfloat”，可能丢失数据
D:\cyxdesktop\浙大\三维建模\graphics2022\22251126陈滢西\期末选项二：游戏\code\box\box.cpp(840,40): warning C4244: “参数”: 从“double”转换到“GLfloat”，可能丢失数据
D:\cyxdesktop\浙大\三维建模\graphics2022\22251126陈滢西\期末选项二：游戏\code\box\box.cpp(842,50): warning C4244: “参数”: 从“double”转换到“GLfloat”，可能丢失数据
D:\cyxdesktop\浙大\三维建模\graphics2022\22251126陈滢西\期末选项二：游戏\code\box\box.cpp(842,45): warning C4244: “参数”: 从“double”转换到“GLfloat”，可能丢失数据
D:\cyxdesktop\浙大\三维建模\graphics2022\22251126陈滢西\期末选项二：游戏\code\box\box.cpp(842,40): warning C4244: “参数”: 从“double”转换到“GLfloat”，可能丢失数据
D:\cyxdesktop\浙大\三维建模\graphics2022\22251126陈滢西\期末选项二：游戏\code\box\box.cpp(843,49): warning C4244: “参数”: 从“double”转换到“GLfloat”，可能丢失数据
D:\cyxdesktop\浙大\三维建模\graphics2022\22251126陈滢西\期末选项二：游戏\code\box\box.cpp(843,44): warning C4244: “参数”: 从“double”转换到“GLfloat”，可能丢失数据
D:\cyxdesktop\浙大\三维建模\graphics2022\22251126陈滢西\期末选项二：游戏\code\box\box.cpp(843,40): warning C4244: “参数”: 从“double”转换到“GLfloat”，可能丢失数据
D:\cyxdesktop\浙大\三维建模\graphics2022\22251126陈滢西\期末选项二：游戏\code\box\box.cpp(844,48): warning C4244: “参数”: 从“double”转换到“GLfloat”，可能丢失数据
D:\cyxdesktop\浙大\三维建模\graphics2022\22251126陈滢西\期末选项二：游戏\code\box\box.cpp(844,44): warning C4244: “参数”: 从“double”转换到“GLfloat”，可能丢失数据
D:\cyxdesktop\浙大\三维建模\graphics2022\22251126陈滢西\期末选项二：游戏\code\box\box.cpp(844,40): warning C4244: “参数”: 从“double”转换到“GLfloat”，可能丢失数据
D:\cyxdesktop\浙大\三维建模\graphics2022\22251126陈滢西\期末选项二：游戏\code\box\box.cpp(845,49): warning C4244: “参数”: 从“double”转换到“GLfloat”，可能丢失数据
D:\cyxdesktop\浙大\三维建模\graphics2022\22251126陈滢西\期末选项二：游戏\code\box\box.cpp(845,45): warning C4244: “参数”: 从“double”转换到“GLfloat”，可能丢失数据
D:\cyxdesktop\浙大\三维建模\graphics2022\22251126陈滢西\期末选项二：游戏\code\box\box.cpp(845,40): warning C4244: “参数”: 从“double”转换到“GLfloat”，可能丢失数据
D:\cyxdesktop\浙大\三维建模\graphics2022\22251126陈滢西\期末选项二：游戏\code\box\box.cpp(847,50): warning C4244: “参数”: 从“double”转换到“GLfloat”，可能丢失数据
D:\cyxdesktop\浙大\三维建模\graphics2022\22251126陈滢西\期末选项二：游戏\code\box\box.cpp(847,45): warning C4244: “参数”: 从“double”转换到“GLfloat”，可能丢失数据
D:\cyxdesktop\浙大\三维建模\graphics2022\22251126陈滢西\期末选项二：游戏\code\box\box.cpp(847,40): warning C4244: “参数”: 从“double”转换到“GLfloat”，可能丢失数据
D:\cyxdesktop\浙大\三维建模\graphics2022\22251126陈滢西\期末选项二：游戏\code\box\box.cpp(848,49): warning C4244: “参数”: 从“double”转换到“GLfloat”，可能丢失数据
D:\cyxdesktop\浙大\三维建模\graphics2022\22251126陈滢西\期末选项二：游戏\code\box\box.cpp(848,44): warning C4244: “参数”: 从“double”转换到“GLfloat”，可能丢失数据
D:\cyxdesktop\浙大\三维建模\graphics2022\22251126陈滢西\期末选项二：游戏\code\box\box.cpp(848,40): warning C4244: “参数”: 从“double”转换到“GLfloat”，可能丢失数据
D:\cyxdesktop\浙大\三维建模\graphics2022\22251126陈滢西\期末选项二：游戏\code\box\box.cpp(849,48): warning C4244: “参数”: 从“double”转换到“GLfloat”，可能丢失数据
D:\cyxdesktop\浙大\三维建模\graphics2022\22251126陈滢西\期末选项二：游戏\code\box\box.cpp(849,44): warning C4244: “参数”: 从“double”转换到“GLfloat”，可能丢失数据
D:\cyxdesktop\浙大\三维建模\graphics2022\22251126陈滢西\期末选项二：游戏\code\box\box.cpp(849,40): warning C4244: “参数”: 从“double”转换到“GLfloat”，可能丢失数据
D:\cyxdesktop\浙大\三维建模\graphics2022\22251126陈滢西\期末选项二：游戏\code\box\box.cpp(850,49): warning C4244: “参数”: 从“double”转换到“GLfloat”，可能丢失数据
D:\cyxdesktop\浙大\三维建模\graphics2022\22251126陈滢西\期末选项二：游戏\code\box\box.cpp(850,45): warning C4244: “参数”: 从“double”转换到“GLfloat”，可能丢失数据
D:\cyxdesktop\浙大\三维建模\graphics2022\22251126陈滢西\期末选项二：游戏\code\box\box.cpp(850,40): warning C4244: “参数”: 从“double”转换到“GLfloat”，可能丢失数据
D:\cyxdesktop\浙大\三维建模\graphics2022\22251126陈滢西\期末选项二：游戏\code\box\box.cpp(870,46): warning C4305: “初始化”: 从“double”到“GLfloat”截断
D:\cyxdesktop\浙大\三维建模\graphics2022\22251126陈滢西\期末选项二：游戏\code\box\box.cpp(890,29): warning C4305: “=”: 从“double”到“GLfloat”截断
D:\cyxdesktop\浙大\三维建模\graphics2022\22251126陈滢西\期末选项二：游戏\code\box\box.cpp(929,47): warning C4305: “参数”: 从“double”到“float”截断
D:\cyxdesktop\浙大\三维建模\graphics2022\22251126陈滢西\期末选项二：游戏\code\box\box.cpp(933,52): warning C4305: “参数”: 从“double”到“float”截断
D:\cyxdesktop\浙大\三维建模\graphics2022\22251126陈滢西\期末选项二：游戏\code\box\box.cpp(937,55): warning C4305: “参数”: 从“double”到“float”截断
D:\cyxdesktop\浙大\三维建模\graphics2022\22251126陈滢西\期末选项二：游戏\code\box\box.cpp(941,53): warning C4305: “参数”: 从“double”到“float”截断
D:\cyxdesktop\浙大\三维建模\graphics2022\22251126陈滢西\期末选项二：游戏\code\box\box.cpp(946,58): warning C4305: “参数”: 从“double”到“float”截断
D:\cyxdesktop\浙大\三维建模\graphics2022\22251126陈滢西\期末选项二：游戏\code\box\box.cpp(950,59): warning C4305: “参数”: 从“double”到“float”截断
D:\cyxdesktop\浙大\三维建模\graphics2022\22251126陈滢西\期末选项二：游戏\code\box\box.cpp(954,53): warning C4305: “参数”: 从“double”到“float”截断
D:\cyxdesktop\浙大\三维建模\graphics2022\22251126陈滢西\期末选项二：游戏\code\box\box.cpp(958,57): warning C4305: “参数”: 从“double”到“float”截断
D:\cyxdesktop\浙大\三维建模\graphics2022\22251126陈滢西\期末选项二：游戏\code\box\box.cpp(962,61): warning C4305: “参数”: 从“double”到“float”截断
D:\cyxdesktop\浙大\三维建模\graphics2022\22251126陈滢西\期末选项二：游戏\code\box\box.cpp(966,49): warning C4305: “参数”: 从“double”到“float”截断
D:\cyxdesktop\浙大\三维建模\graphics2022\22251126陈滢西\期末选项二：游戏\code\box\box.cpp(970,49): warning C4305: “参数”: 从“double”到“float”截断
D:\cyxdesktop\浙大\三维建模\graphics2022\22251126陈滢西\期末选项二：游戏\code\box\box.cpp(974,49): warning C4305: “参数”: 从“double”到“float”截断
D:\cyxdesktop\浙大\三维建模\graphics2022\22251126陈滢西\期末选项二：游戏\code\box\box.cpp(978,49): warning C4305: “参数”: 从“double”到“float”截断
D:\cyxdesktop\浙大\三维建模\graphics2022\22251126陈滢西\期末选项二：游戏\code\box\box.cpp(983,49): warning C4305: “参数”: 从“double”到“float”截断
D:\cyxdesktop\浙大\三维建模\graphics2022\22251126陈滢西\期末选项二：游戏\code\box\box.cpp(987,49): warning C4305: “参数”: 从“double”到“float”截断
D:\cyxdesktop\浙大\三维建模\graphics2022\22251126陈滢西\期末选项二：游戏\code\box\box.cpp(991,49): warning C4305: “参数”: 从“double”到“float”截断
D:\cyxdesktop\浙大\三维建模\graphics2022\22251126陈滢西\期末选项二：游戏\code\box\box.cpp(995,49): warning C4305: “参数”: 从“double”到“float”截断
D:\cyxdesktop\浙大\三维建模\graphics2022\22251126陈滢西\期末选项二：游戏\code\box\box.cpp(1000,50): warning C4305: “参数”: 从“double”到“float”截断
D:\cyxdesktop\浙大\三维建模\graphics2022\22251126陈滢西\期末选项二：游戏\code\box\box.cpp(1004,50): warning C4305: “参数”: 从“double”到“float”截断
D:\cyxdesktop\浙大\三维建模\graphics2022\22251126陈滢西\期末选项二：游戏\code\box\box.cpp(1008,50): warning C4305: “参数”: 从“double”到“float”截断
D:\cyxdesktop\浙大\三维建模\graphics2022\22251126陈滢西\期末选项二：游戏\code\box\box.cpp(1012,50): warning C4305: “参数”: 从“double”到“float”截断
D:\cyxdesktop\浙大\三维建模\graphics2022\22251126陈滢西\期末选项二：游戏\code\box\box.cpp(1016,50): warning C4305: “参数”: 从“double”到“float”截断
D:\cyxdesktop\浙大\三维建模\graphics2022\22251126陈滢西\期末选项二：游戏\code\box\box.cpp(1020,50): warning C4305: “参数”: 从“double”到“float”截断
D:\cyxdesktop\浙大\三维建模\graphics2022\22251126陈滢西\期末选项二：游戏\code\box\box.cpp(1024,49): warning C4305: “参数”: 从“double”到“float”截断
D:\cyxdesktop\浙大\三维建模\graphics2022\22251126陈滢西\期末选项二：游戏\code\box\box.cpp(1028,49): warning C4305: “参数”: 从“double”到“float”截断
D:\cyxdesktop\浙大\三维建模\graphics2022\22251126陈滢西\期末选项二：游戏\code\box\box.cpp(1032,49): warning C4305: “参数”: 从“double”到“float”截断
D:\cyxdesktop\浙大\三维建模\graphics2022\22251126陈滢西\期末选项二：游戏\code\box\box.cpp(1036,49): warning C4305: “参数”: 从“double”到“float”截断
D:\cyxdesktop\浙大\三维建模\graphics2022\22251126陈滢西\期末选项二：游戏\code\box\box.cpp(1041,60): warning C4305: “参数”: 从“double”到“float”截断
D:\cyxdesktop\浙大\三维建模\graphics2022\22251126陈滢西\期末选项二：游戏\code\box\box.cpp(1045,63): warning C4305: “参数”: 从“double”到“float”截断
D:\cyxdesktop\浙大\三维建模\graphics2022\22251126陈滢西\期末选项二：游戏\code\box\box.cpp(1049,57): warning C4305: “参数”: 从“double”到“float”截断
D:\cyxdesktop\浙大\三维建模\graphics2022\22251126陈滢西\期末选项二：游戏\code\box\box.cpp(1053,61): warning C4305: “参数”: 从“double”到“float”截断
D:\cyxdesktop\浙大\三维建模\graphics2022\22251126陈滢西\期末选项二：游戏\code\box\box.cpp(1059,61): warning C4305: “参数”: 从“double”到“float”截断
D:\cyxdesktop\浙大\三维建模\graphics2022\22251126陈滢西\期末选项二：游戏\code\box\box.cpp(1063,49): warning C4305: “参数”: 从“double”到“float”截断
D:\cyxdesktop\浙大\三维建模\graphics2022\22251126陈滢西\期末选项二：游戏\code\box\box.cpp(1067,49): warning C4305: “参数”: 从“double”到“float”截断
D:\cyxdesktop\浙大\三维建模\graphics2022\22251126陈滢西\期末选项二：游戏\code\box\box.cpp(1071,48): warning C4305: “参数”: 从“double”到“float”截断
D:\cyxdesktop\浙大\三维建模\graphics2022\22251126陈滢西\期末选项二：游戏\code\box\box.cpp(1075,49): warning C4305: “参数”: 从“double”到“float”截断
D:\cyxdesktop\浙大\三维建模\graphics2022\22251126陈滢西\期末选项二：游戏\code\box\box.cpp(1339,19): warning C4244: “=”: 从“int”转换到“float”，可能丢失数据
D:\cyxdesktop\浙大\三维建模\graphics2022\22251126陈滢西\期末选项二：游戏\code\box\box.cpp(1340,19): warning C4244: “=”: 从“int”转换到“float”，可能丢失数据
D:\cyxdesktop\浙大\三维建模\graphics2022\22251126陈滢西\期末选项二：游戏\code\box\box.cpp(1341,42): warning C4244: “=”: 从“double”转换到“float”，可能丢失数据
D:\cyxdesktop\浙大\三维建模\graphics2022\22251126陈滢西\期末选项二：游戏\code\box\box.cpp(1342,47): warning C4244: “=”: 从“double”转换到“float”，可能丢失数据
D:\cyxdesktop\浙大\三维建模\graphics2022\22251126陈滢西\期末选项二：游戏\code\box\box.cpp(1629,23): warning C4244: “参数”: 从“float”转换到“int”，可能丢失数据
D:\cyxdesktop\浙大\三维建模\graphics2022\22251126陈滢西\期末选项二：游戏\code\box\box.cpp(1629,17): warning C4244: “参数”: 从“float”转换到“int”，可能丢失数据
D:\cyxdesktop\浙大\三维建模\graphics2022\22251126陈滢西\期末选项二：游戏\code\box\box.cpp(1645,23): warning C4244: “参数”: 从“float”转换到“int”，可能丢失数据
D:\cyxdesktop\浙大\三维建模\graphics2022\22251126陈滢西\期末选项二：游戏\code\box\box.cpp(1645,17): warning C4244: “参数”: 从“float”转换到“int”，可能丢失数据
D:\cyxdesktop\浙大\三维建模\graphics2022\22251126陈滢西\期末选项二：游戏\code\box\box.cpp(1662,23): warning C4244: “参数”: 从“float”转换到“int”，可能丢失数据
D:\cyxdesktop\浙大\三维建模\graphics2022\22251126陈滢西\期末选项二：游戏\code\box\box.cpp(1662,17): warning C4244: “参数”: 从“float”转换到“int”，可能丢失数据
D:\cyxdesktop\浙大\三维建模\graphics2022\22251126陈滢西\期末选项二：游戏\code\box\box.cpp(1683,23): warning C4244: “参数”: 从“float”转换到“int”，可能丢失数据
D:\cyxdesktop\浙大\三维建模\graphics2022\22251126陈滢西\期末选项二：游戏\code\box\box.cpp(1683,17): warning C4244: “参数”: 从“float”转换到“int”，可能丢失数据
D:\cyxdesktop\浙大\三维建模\graphics2022\22251126陈滢西\期末选项二：游戏\code\box\box.cpp(1851,10): warning C4244: “初始化”: 从“double”转换到“float”，可能丢失数据
D:\cyxdesktop\浙大\三维建模\graphics2022\22251126陈滢西\期末选项二：游戏\code\box\box.cpp(1852,8): warning C4244: “初始化”: 从“float”转换到“int”，可能丢失数据
D:\cyxdesktop\浙大\三维建模\graphics2022\22251126陈滢西\期末选项二：游戏\code\box\box.cpp(1853,8): warning C4244: “初始化”: 从“float”转换到“int”，可能丢失数据
D:\cyxdesktop\浙大\三维建模\graphics2022\22251126陈滢西\期末选项二：游戏\code\box\box.cpp(1854,8): warning C4244: “初始化”: 从“float”转换到“int”，可能丢失数据
D:\cyxdesktop\浙大\三维建模\graphics2022\22251126陈滢西\期末选项二：游戏\code\box\box.cpp(1889,10): warning C4244: “初始化”: 从“double”转换到“float”，可能丢失数据
D:\cyxdesktop\浙大\三维建模\graphics2022\22251126陈滢西\期末选项二：游戏\code\box\box.cpp(1890,8): warning C4244: “初始化”: 从“float”转换到“int”，可能丢失数据
D:\cyxdesktop\浙大\三维建模\graphics2022\22251126陈滢西\期末选项二：游戏\code\box\box.cpp(1891,8): warning C4244: “初始化”: 从“float”转换到“int”，可能丢失数据
D:\cyxdesktop\浙大\三维建模\graphics2022\22251126陈滢西\期末选项二：游戏\code\box\box.cpp(1892,8): warning C4244: “初始化”: 从“float”转换到“int”，可能丢失数据
D:\cyxdesktop\浙大\三维建模\graphics2022\22251126陈滢西\期末选项二：游戏\code\box\box.cpp(1919,16): warning C4244: “=”: 从“GLdouble”转换到“int”，可能丢失数据
D:\cyxdesktop\浙大\三维建模\graphics2022\22251126陈滢西\期末选项二：游戏\code\box\box.cpp(1919,36): warning C4244: “=”: 从“GLdouble”转换到“int”，可能丢失数据
D:\cyxdesktop\浙大\三维建模\graphics2022\22251126陈滢西\期末选项二：游戏\code\box\box.cpp(1919,56): warning C4244: “=”: 从“GLdouble”转换到“int”，可能丢失数据
D:\cyxdesktop\浙大\三维建模\graphics2022\22251126陈滢西\期末选项二：游戏\code\box\box.cpp(1923,15): warning C4244: “=”: 从“GLdouble”转换到“int”，可能丢失数据
D:\cyxdesktop\浙大\三维建模\graphics2022\22251126陈滢西\期末选项二：游戏\code\box\box.cpp(1923,34): warning C4244: “=”: 从“GLdouble”转换到“int”，可能丢失数据
D:\cyxdesktop\浙大\三维建模\graphics2022\22251126陈滢西\期末选项二：游戏\code\box\box.cpp(1923,53): warning C4244: “=”: 从“GLdouble”转换到“int”，可能丢失数据
D:\cyxdesktop\浙大\三维建模\graphics2022\22251126陈滢西\期末选项二：游戏\code\box\box.cpp(2714,72): warning C4244: “参数”: 从“int”转换到“float”，可能丢失数据
D:\cyxdesktop\浙大\三维建模\graphics2022\22251126陈滢西\期末选项二：游戏\code\box\box.cpp(2714,48): warning C4244: “参数”: 从“int”转换到“float”，可能丢失数据
D:\cyxdesktop\浙大\三维建模\graphics2022\22251126陈滢西\期末选项二：游戏\code\box\box.cpp(2714,24): warning C4244: “参数”: 从“int”转换到“float”，可能丢失数据
D:\cyxdesktop\浙大\三维建模\graphics2022\22251126陈滢西\期末选项二：游戏\code\box\box.cpp(2714,17): warning C4244: “参数”: 从“int”转换到“float”，可能丢失数据
D:\cyxdesktop\浙大\三维建模\graphics2022\22251126陈滢西\期末选项二：游戏\code\box\box.cpp(2714,13): warning C4244: “参数”: 从“int”转换到“float”，可能丢失数据
D:\cyxdesktop\浙大\三维建模\graphics2022\22251126陈滢西\期末选项二：游戏\code\box\box.cpp(2714,9): warning C4244: “参数”: 从“int”转换到“float”，可能丢失数据
D:\cyxdesktop\浙大\三维建模\graphics2022\22251126陈滢西\期末选项二：游戏\code\box\box.cpp(2719,17): warning C4244: “=”: 从“double”转换到“float”，可能丢失数据
D:\cyxdesktop\浙大\三维建模\graphics2022\22251126陈滢西\期末选项二：游戏\code\box\box.cpp(2720,60): warning C4244: “参数”: 从“int”转换到“float”，可能丢失数据
D:\cyxdesktop\浙大\三维建模\graphics2022\22251126陈滢西\期末选项二：游戏\code\box\box.cpp(2720,36): warning C4244: “参数”: 从“int”转换到“float”，可能丢失数据
D:\cyxdesktop\浙大\三维建模\graphics2022\22251126陈滢西\期末选项二：游戏\code\box\box.cpp(2720,12): warning C4244: “参数”: 从“int”转换到“float”，可能丢失数据
D:\cyxdesktop\浙大\三维建模\graphics2022\22251126陈滢西\期末选项二：游戏\code\box\box.cpp(2725,60): warning C4244: “参数”: 从“int”转换到“float”，可能丢失数据
D:\cyxdesktop\浙大\三维建模\graphics2022\22251126陈滢西\期末选项二：游戏\code\box\box.cpp(2725,36): warning C4244: “参数”: 从“int”转换到“float”，可能丢失数据
D:\cyxdesktop\浙大\三维建模\graphics2022\22251126陈滢西\期末选项二：游戏\code\box\box.cpp(2725,12): warning C4244: “参数”: 从“int”转换到“float”，可能丢失数据
D:\cyxdesktop\浙大\三维建模\graphics2022\22251126陈滢西\期末选项二：游戏\code\box\box.cpp(2727,17): warning C4244: “=”: 从“double”转换到“float”，可能丢失数据
D:\cyxdesktop\浙大\三维建模\graphics2022\22251126陈滢西\期末选项二：游戏\code\box\box.cpp(2731,60): warning C4244: “参数”: 从“int”转换到“float”，可能丢失数据
D:\cyxdesktop\浙大\三维建模\graphics2022\22251126陈滢西\期末选项二：游戏\code\box\box.cpp(2731,36): warning C4244: “参数”: 从“int”转换到“float”，可能丢失数据
D:\cyxdesktop\浙大\三维建模\graphics2022\22251126陈滢西\期末选项二：游戏\code\box\box.cpp(2731,12): warning C4244: “参数”: 从“int”转换到“float”，可能丢失数据
D:\cyxdesktop\浙大\三维建模\graphics2022\22251126陈滢西\期末选项二：游戏\code\box\box.cpp(2737,17): warning C4244: “=”: 从“double”转换到“float”，可能丢失数据
D:\cyxdesktop\浙大\三维建模\graphics2022\22251126陈滢西\期末选项二：游戏\code\box\box.cpp(2738,60): warning C4244: “参数”: 从“int”转换到“float”，可能丢失数据
D:\cyxdesktop\浙大\三维建模\graphics2022\22251126陈滢西\期末选项二：游戏\code\box\box.cpp(2738,36): warning C4244: “参数”: 从“int”转换到“float”，可能丢失数据
D:\cyxdesktop\浙大\三维建模\graphics2022\22251126陈滢西\期末选项二：游戏\code\box\box.cpp(2738,12): warning C4244: “参数”: 从“int”转换到“float”，可能丢失数据
D:\cyxdesktop\浙大\三维建模\graphics2022\22251126陈滢西\期末选项二：游戏\code\box\box.cpp(2739,17): warning C4244: “=”: 从“double”转换到“float”，可能丢失数据
D:\cyxdesktop\浙大\三维建模\graphics2022\22251126陈滢西\期末选项二：游戏\code\box\box.cpp(2743,60): warning C4244: “参数”: 从“int”转换到“float”，可能丢失数据
D:\cyxdesktop\浙大\三维建模\graphics2022\22251126陈滢西\期末选项二：游戏\code\box\box.cpp(2743,36): warning C4244: “参数”: 从“int”转换到“float”，可能丢失数据
D:\cyxdesktop\浙大\三维建模\graphics2022\22251126陈滢西\期末选项二：游戏\code\box\box.cpp(2743,12): warning C4244: “参数”: 从“int”转换到“float”，可能丢失数据
D:\cyxdesktop\浙大\三维建模\graphics2022\22251126陈滢西\期末选项二：游戏\code\box\box.cpp(2746,17): warning C4244: “=”: 从“double”转换到“float”，可能丢失数据
D:\cyxdesktop\浙大\三维建模\graphics2022\22251126陈滢西\期末选项二：游戏\code\box\box.cpp(2750,60): warning C4244: “参数”: 从“int”转换到“float”，可能丢失数据
D:\cyxdesktop\浙大\三维建模\graphics2022\22251126陈滢西\期末选项二：游戏\code\box\box.cpp(2750,36): warning C4244: “参数”: 从“int”转换到“float”，可能丢失数据
D:\cyxdesktop\浙大\三维建模\graphics2022\22251126陈滢西\期末选项二：游戏\code\box\box.cpp(2750,12): warning C4244: “参数”: 从“int”转换到“float”，可能丢失数据
D:\cyxdesktop\浙大\三维建模\graphics2022\22251126陈滢西\期末选项二：游戏\code\box\box.cpp(2790,72): warning C4244: “参数”: 从“int”转换到“float”，可能丢失数据
D:\cyxdesktop\浙大\三维建模\graphics2022\22251126陈滢西\期末选项二：游戏\code\box\box.cpp(2790,48): warning C4244: “参数”: 从“int”转换到“float”，可能丢失数据
D:\cyxdesktop\浙大\三维建模\graphics2022\22251126陈滢西\期末选项二：游戏\code\box\box.cpp(2790,24): warning C4244: “参数”: 从“int”转换到“float”，可能丢失数据
D:\cyxdesktop\浙大\三维建模\graphics2022\22251126陈滢西\期末选项二：游戏\code\box\box.cpp(2790,17): warning C4244: “参数”: 从“int”转换到“float”，可能丢失数据
D:\cyxdesktop\浙大\三维建模\graphics2022\22251126陈滢西\期末选项二：游戏\code\box\box.cpp(2790,13): warning C4244: “参数”: 从“int”转换到“float”，可能丢失数据
D:\cyxdesktop\浙大\三维建模\graphics2022\22251126陈滢西\期末选项二：游戏\code\box\box.cpp(2790,9): warning C4244: “参数”: 从“int”转换到“float”，可能丢失数据
D:\cyxdesktop\浙大\三维建模\graphics2022\22251126陈滢西\期末选项二：游戏\code\box\box.cpp(2795,17): warning C4244: “=”: 从“double”转换到“float”，可能丢失数据
D:\cyxdesktop\浙大\三维建模\graphics2022\22251126陈滢西\期末选项二：游戏\code\box\box.cpp(2796,60): warning C4244: “参数”: 从“int”转换到“float”，可能丢失数据
D:\cyxdesktop\浙大\三维建模\graphics2022\22251126陈滢西\期末选项二：游戏\code\box\box.cpp(2796,36): warning C4244: “参数”: 从“int”转换到“float”，可能丢失数据
D:\cyxdesktop\浙大\三维建模\graphics2022\22251126陈滢西\期末选项二：游戏\code\box\box.cpp(2796,12): warning C4244: “参数”: 从“int”转换到“float”，可能丢失数据
D:\cyxdesktop\浙大\三维建模\graphics2022\22251126陈滢西\期末选项二：游戏\code\box\box.cpp(2801,17): warning C4244: “=”: 从“double”转换到“float”，可能丢失数据
D:\cyxdesktop\浙大\三维建模\graphics2022\22251126陈滢西\期末选项二：游戏\code\box\box.cpp(2802,60): warning C4244: “参数”: 从“int”转换到“float”，可能丢失数据
D:\cyxdesktop\浙大\三维建模\graphics2022\22251126陈滢西\期末选项二：游戏\code\box\box.cpp(2802,36): warning C4244: “参数”: 从“int”转换到“float”，可能丢失数据
D:\cyxdesktop\浙大\三维建模\graphics2022\22251126陈滢西\期末选项二：游戏\code\box\box.cpp(2802,12): warning C4244: “参数”: 从“int”转换到“float”，可能丢失数据
D:\cyxdesktop\浙大\三维建模\graphics2022\22251126陈滢西\期末选项二：游戏\code\box\box.cpp(3315,59): warning C4244: “参数”: 从“double”转换到“GLfloat”，可能丢失数据
D:\cyxdesktop\浙大\三维建模\graphics2022\22251126陈滢西\期末选项二：游戏\code\box\box.cpp(3315,43): warning C4244: “参数”: 从“double”转换到“GLfloat”，可能丢失数据
D:\cyxdesktop\浙大\三维建模\graphics2022\22251126陈滢西\期末选项二：游戏\code\box\box.cpp(3316,59): warning C4244: “参数”: 从“double”转换到“GLfloat”，可能丢失数据
D:\cyxdesktop\浙大\三维建模\graphics2022\22251126陈滢西\期末选项二：游戏\code\box\box.cpp(3316,43): warning C4244: “参数”: 从“double”转换到“GLfloat”，可能丢失数据
D:\cyxdesktop\浙大\三维建模\graphics2022\22251126陈滢西\期末选项二：游戏\code\box\box.cpp(3317,58): warning C4244: “参数”: 从“double”转换到“GLfloat”，可能丢失数据
D:\cyxdesktop\浙大\三维建模\graphics2022\22251126陈滢西\期末选项二：游戏\code\box\box.cpp(3317,43): warning C4244: “参数”: 从“double”转换到“GLfloat”，可能丢失数据
D:\cyxdesktop\浙大\三维建模\graphics2022\22251126陈滢西\期末选项二：游戏\code\box\box.cpp(3318,59): warning C4244: “参数”: 从“double”转换到“GLfloat”，可能丢失数据
D:\cyxdesktop\浙大\三维建模\graphics2022\22251126陈滢西\期末选项二：游戏\code\box\box.cpp(3318,44): warning C4244: “参数”: 从“double”转换到“GLfloat”，可能丢失数据
D:\cyxdesktop\浙大\三维建模\graphics2022\22251126陈滢西\期末选项二：游戏\code\box\box.cpp(3323,60): warning C4244: “参数”: 从“double”转换到“GLfloat”，可能丢失数据
D:\cyxdesktop\浙大\三维建模\graphics2022\22251126陈滢西\期末选项二：游戏\code\box\box.cpp(3323,43): warning C4244: “参数”: 从“double”转换到“GLfloat”，可能丢失数据
D:\cyxdesktop\浙大\三维建模\graphics2022\22251126陈滢西\期末选项二：游戏\code\box\box.cpp(3324,60): warning C4244: “参数”: 从“double”转换到“GLfloat”，可能丢失数据
D:\cyxdesktop\浙大\三维建模\graphics2022\22251126陈滢西\期末选项二：游戏\code\box\box.cpp(3324,43): warning C4244: “参数”: 从“double”转换到“GLfloat”，可能丢失数据
D:\cyxdesktop\浙大\三维建模\graphics2022\22251126陈滢西\期末选项二：游戏\code\box\box.cpp(3325,59): warning C4244: “参数”: 从“double”转换到“GLfloat”，可能丢失数据
D:\cyxdesktop\浙大\三维建模\graphics2022\22251126陈滢西\期末选项二：游戏\code\box\box.cpp(3325,43): warning C4244: “参数”: 从“double”转换到“GLfloat”，可能丢失数据
D:\cyxdesktop\浙大\三维建模\graphics2022\22251126陈滢西\期末选项二：游戏\code\box\box.cpp(3326,60): warning C4244: “参数”: 从“double”转换到“GLfloat”，可能丢失数据
D:\cyxdesktop\浙大\三维建模\graphics2022\22251126陈滢西\期末选项二：游戏\code\box\box.cpp(3326,44): warning C4244: “参数”: 从“double”转换到“GLfloat”，可能丢失数据
D:\cyxdesktop\浙大\三维建模\graphics2022\22251126陈滢西\期末选项二：游戏\code\box\box.cpp(3331,60): warning C4244: “参数”: 从“double”转换到“GLfloat”，可能丢失数据
D:\cyxdesktop\浙大\三维建模\graphics2022\22251126陈滢西\期末选项二：游戏\code\box\box.cpp(3331,43): warning C4244: “参数”: 从“double”转换到“GLfloat”，可能丢失数据
D:\cyxdesktop\浙大\三维建模\graphics2022\22251126陈滢西\期末选项二：游戏\code\box\box.cpp(3332,60): warning C4244: “参数”: 从“double”转换到“GLfloat”，可能丢失数据
D:\cyxdesktop\浙大\三维建模\graphics2022\22251126陈滢西\期末选项二：游戏\code\box\box.cpp(3332,44): warning C4244: “参数”: 从“double”转换到“GLfloat”，可能丢失数据
D:\cyxdesktop\浙大\三维建模\graphics2022\22251126陈滢西\期末选项二：游戏\code\box\box.cpp(3333,58): warning C4244: “参数”: 从“double”转换到“GLfloat”，可能丢失数据
D:\cyxdesktop\浙大\三维建模\graphics2022\22251126陈滢西\期末选项二：游戏\code\box\box.cpp(3333,44): warning C4244: “参数”: 从“double”转换到“GLfloat”，可能丢失数据
D:\cyxdesktop\浙大\三维建模\graphics2022\22251126陈滢西\期末选项二：游戏\code\box\box.cpp(3334,60): warning C4244: “参数”: 从“double”转换到“GLfloat”，可能丢失数据
D:\cyxdesktop\浙大\三维建模\graphics2022\22251126陈滢西\期末选项二：游戏\code\box\box.cpp(3334,44): warning C4244: “参数”: 从“double”转换到“GLfloat”，可能丢失数据
D:\cyxdesktop\浙大\三维建模\graphics2022\22251126陈滢西\期末选项二：游戏\code\box\box.cpp(3339,59): warning C4244: “参数”: 从“double”转换到“GLfloat”，可能丢失数据
D:\cyxdesktop\浙大\三维建模\graphics2022\22251126陈滢西\期末选项二：游戏\code\box\box.cpp(3339,42): warning C4244: “参数”: 从“double”转换到“GLfloat”，可能丢失数据
D:\cyxdesktop\浙大\三维建模\graphics2022\22251126陈滢西\期末选项二：游戏\code\box\box.cpp(3340,59): warning C4244: “参数”: 从“double”转换到“GLfloat”，可能丢失数据
D:\cyxdesktop\浙大\三维建模\graphics2022\22251126陈滢西\期末选项二：游戏\code\box\box.cpp(3340,43): warning C4244: “参数”: 从“double”转换到“GLfloat”，可能丢失数据
D:\cyxdesktop\浙大\三维建模\graphics2022\22251126陈滢西\期末选项二：游戏\code\box\box.cpp(3341,58): warning C4244: “参数”: 从“double”转换到“GLfloat”，可能丢失数据
D:\cyxdesktop\浙大\三维建模\graphics2022\22251126陈滢西\期末选项二：游戏\code\box\box.cpp(3341,43): warning C4244: “参数”: 从“double”转换到“GLfloat”，可能丢失数据
D:\cyxdesktop\浙大\三维建模\graphics2022\22251126陈滢西\期末选项二：游戏\code\box\box.cpp(3342,59): warning C4244: “参数”: 从“double”转换到“GLfloat”，可能丢失数据
D:\cyxdesktop\浙大\三维建模\graphics2022\22251126陈滢西\期末选项二：游戏\code\box\box.cpp(3342,43): warning C4244: “参数”: 从“double”转换到“GLfloat”，可能丢失数据
D:\cyxdesktop\浙大\三维建模\graphics2022\22251126陈滢西\期末选项二：游戏\code\box\box.cpp(3472,25): warning C4305: “参数”: 从“double”到“GLfloat”截断
D:\cyxdesktop\浙大\三维建模\graphics2022\22251126陈滢西\期末选项二：游戏\code\box\box.cpp(3516,26): warning C4305: “参数”: 从“double”到“GLfloat”截断
D:\cyxdesktop\浙大\三维建模\graphics2022\22251126陈滢西\期末选项二：游戏\code\box\box.cpp(3518,26): warning C4305: “参数”: 从“double”到“GLfloat”截断
D:\cyxdesktop\浙大\三维建模\graphics2022\22251126陈滢西\期末选项二：游戏\code\box\box.cpp(3520,24): warning C4305: “参数”: 从“double”到“GLfloat”截断
D:\cyxdesktop\浙大\三维建模\graphics2022\22251126陈滢西\期末选项二：游戏\code\box\box.cpp(3523,27): warning C4305: “参数”: 从“double”到“GLfloat”截断
D:\cyxdesktop\浙大\三维建模\graphics2022\22251126陈滢西\期末选项二：游戏\code\box\box.cpp(3537,27): warning C4305: “参数”: 从“double”到“GLfloat”截断
D:\cyxdesktop\浙大\三维建模\graphics2022\22251126陈滢西\期末选项二：游戏\code\box\box.cpp(3562,48): warning C4305: “初始化”: 从“double”到“GLfloat”截断
D:\cyxdesktop\浙大\三维建模\graphics2022\22251126陈滢西\期末选项二：游戏\code\box\box.cpp(3566,47): warning C4305: “初始化”: 从“double”到“GLfloat”截断
D:\cyxdesktop\浙大\三维建模\graphics2022\22251126陈滢西\期末选项二：游戏\code\box\box.cpp(3567,49): warning C4305: “初始化”: 从“double”到“GLfloat”截断
D:\cyxdesktop\浙大\三维建模\graphics2022\22251126陈滢西\期末选项二：游戏\code\box\box.cpp(1704): warning C4715: “WndProc”: 不是所有的控件路径都返回值
D:\Microsoft Visual Studio\vs2022\MSBuild\Microsoft\VC\v170\Microsoft.CppCommon.targets(1094,5): error MSB6006: “link.exe”已退出，代码为 1104。
LINK : fatal error LNK1104: 无法打开文件“SOIL.lib”
